{"C:\\Users\\ender\\Documents\\App\\4353Group47\\backend\\controllers\\user_controller.js": {"path":"C:\\Users\\ender\\Documents\\App\\4353Group47\\backend\\controllers\\user_controller.js","statementMap":{"0":{"start":{"line":1,"column":18},"end":{"line":1,"column":43}},"1":{"start":{"line":2,"column":15},"end":{"line":2,"column":32}},"2":{"start":{"line":3,"column":31},"end":{"line":3,"column":63}},"3":{"start":{"line":5,"column":20},"end":{"line":37,"column":1}},"4":{"start":{"line":6,"column":4},"end":{"line":36,"column":5}},"5":{"start":{"line":27,"column":8},"end":{"line":27,"column":27}},"6":{"start":{"line":32,"column":8},"end":{"line":32,"column":29}},"7":{"start":{"line":33,"column":8},"end":{"line":35,"column":10}},"8":{"start":{"line":39,"column":23},"end":{"line":72,"column":1}},"9":{"start":{"line":40,"column":4},"end":{"line":71,"column":5}},"10":{"start":{"line":41,"column":28},"end":{"line":41,"column":48}},"11":{"start":{"line":43,"column":29},"end":{"line":43,"column":110}},"12":{"start":{"line":44,"column":8},"end":{"line":48,"column":9}},"13":{"start":{"line":45,"column":12},"end":{"line":47,"column":14}},"14":{"start":{"line":49,"column":24},"end":{"line":61,"column":10}},"15":{"start":{"line":63,"column":8},"end":{"line":63,"column":26}},"16":{"start":{"line":65,"column":8},"end":{"line":70,"column":9}},"17":{"start":{"line":66,"column":12},"end":{"line":66,"column":79}},"18":{"start":{"line":68,"column":12},"end":{"line":68,"column":54}},"19":{"start":{"line":69,"column":12},"end":{"line":69,"column":77}},"20":{"start":{"line":74,"column":23},"end":{"line":85,"column":1}},"21":{"start":{"line":75,"column":4},"end":{"line":84,"column":5}},"22":{"start":{"line":77,"column":23},"end":{"line":77,"column":40}},"23":{"start":{"line":80,"column":8},"end":{"line":80,"column":32}},"24":{"start":{"line":82,"column":8},"end":{"line":82,"column":61}},"25":{"start":{"line":83,"column":8},"end":{"line":83,"column":58}},"26":{"start":{"line":87,"column":28},"end":{"line":113,"column":1}},"27":{"start":{"line":88,"column":4},"end":{"line":112,"column":5}},"28":{"start":{"line":89,"column":27},"end":{"line":89,"column":37}},"29":{"start":{"line":90,"column":76},"end":{"line":90,"column":84}},"30":{"start":{"line":92,"column":28},"end":{"line":104,"column":9}},"31":{"start":{"line":105,"column":8},"end":{"line":107,"column":9}},"32":{"start":{"line":106,"column":12},"end":{"line":106,"column":71}},"33":{"start":{"line":109,"column":8},"end":{"line":109,"column":107}},"34":{"start":{"line":111,"column":8},"end":{"line":111,"column":53}},"35":{"start":{"line":115,"column":28},"end":{"line":126,"column":1}},"36":{"start":{"line":116,"column":4},"end":{"line":125,"column":5}},"37":{"start":{"line":118,"column":23},"end":{"line":118,"column":40}},"38":{"start":{"line":121,"column":8},"end":{"line":121,"column":25}},"39":{"start":{"line":123,"column":8},"end":{"line":123,"column":66}},"40":{"start":{"line":124,"column":8},"end":{"line":124,"column":58}},"41":{"start":{"line":128,"column":23},"end":{"line":174,"column":1}},"42":{"start":{"line":129,"column":4},"end":{"line":173,"column":5}},"43":{"start":{"line":130,"column":22},"end":{"line":130,"column":24}},"44":{"start":{"line":132,"column":29},"end":{"line":136,"column":9}},"45":{"start":{"line":133,"column":25},"end":{"line":133,"column":45}},"46":{"start":{"line":134,"column":25},"end":{"line":134,"column":103}},"47":{"start":{"line":135,"column":12},"end":{"line":135,"column":39}},"48":{"start":{"line":138,"column":8},"end":{"line":166,"column":11}},"49":{"start":{"line":139,"column":12},"end":{"line":165,"column":13}},"50":{"start":{"line":140,"column":39},"end":{"line":143,"column":17}},"51":{"start":{"line":147,"column":16},"end":{"line":162,"column":19}},"52":{"start":{"line":148,"column":37},"end":{"line":148,"column":66}},"53":{"start":{"line":149,"column":20},"end":{"line":161,"column":21}},"54":{"start":{"line":154,"column":42},"end":{"line":156,"column":25}},"55":{"start":{"line":155,"column":28},"end":{"line":155,"column":60}},"56":{"start":{"line":158,"column":24},"end":{"line":160,"column":25}},"57":{"start":{"line":159,"column":28},"end":{"line":159,"column":81}},"58":{"start":{"line":164,"column":16},"end":{"line":164,"column":47}},"59":{"start":{"line":168,"column":8},"end":{"line":168,"column":26}},"60":{"start":{"line":171,"column":8},"end":{"line":171,"column":67}},"61":{"start":{"line":172,"column":8},"end":{"line":172,"column":58}},"62":{"start":{"line":176,"column":16},"end":{"line":184,"column":1}},"63":{"start":{"line":177,"column":4},"end":{"line":182,"column":5}},"64":{"start":{"line":178,"column":8},"end":{"line":178,"column":41}},"65":{"start":{"line":180,"column":8},"end":{"line":180,"column":53}},"66":{"start":{"line":181,"column":8},"end":{"line":181,"column":58}},"67":{"start":{"line":186,"column":0},"end":{"line":194,"column":1}}},"fnMap":{"0":{"name":"(anonymous_0)","decl":{"start":{"line":5,"column":20},"end":{"line":5,"column":21}},"loc":{"start":{"line":5,"column":40},"end":{"line":37,"column":1}},"line":5},"1":{"name":"(anonymous_1)","decl":{"start":{"line":39,"column":23},"end":{"line":39,"column":24}},"loc":{"start":{"line":39,"column":43},"end":{"line":72,"column":1}},"line":39},"2":{"name":"(anonymous_2)","decl":{"start":{"line":74,"column":23},"end":{"line":74,"column":24}},"loc":{"start":{"line":74,"column":43},"end":{"line":85,"column":1}},"line":74},"3":{"name":"(anonymous_3)","decl":{"start":{"line":87,"column":28},"end":{"line":87,"column":29}},"loc":{"start":{"line":87,"column":48},"end":{"line":113,"column":1}},"line":87},"4":{"name":"(anonymous_4)","decl":{"start":{"line":115,"column":28},"end":{"line":115,"column":29}},"loc":{"start":{"line":115,"column":48},"end":{"line":126,"column":1}},"line":115},"5":{"name":"(anonymous_5)","decl":{"start":{"line":128,"column":23},"end":{"line":128,"column":24}},"loc":{"start":{"line":128,"column":43},"end":{"line":174,"column":1}},"line":128},"6":{"name":"(anonymous_6)","decl":{"start":{"line":132,"column":29},"end":{"line":132,"column":30}},"loc":{"start":{"line":132,"column":45},"end":{"line":136,"column":9}},"line":132},"7":{"name":"(anonymous_7)","decl":{"start":{"line":138,"column":27},"end":{"line":138,"column":28}},"loc":{"start":{"line":138,"column":40},"end":{"line":166,"column":9}},"line":138},"8":{"name":"(anonymous_8)","decl":{"start":{"line":147,"column":31},"end":{"line":147,"column":32}},"loc":{"start":{"line":147,"column":40},"end":{"line":162,"column":17}},"line":147},"9":{"name":"(anonymous_9)","decl":{"start":{"line":154,"column":69},"end":{"line":154,"column":70}},"loc":{"start":{"line":155,"column":28},"end":{"line":155,"column":60}},"line":155},"10":{"name":"(anonymous_10)","decl":{"start":{"line":176,"column":16},"end":{"line":176,"column":17}},"loc":{"start":{"line":176,"column":36},"end":{"line":184,"column":1}},"line":176}},"branchMap":{"0":{"loc":{"start":{"line":44,"column":8},"end":{"line":48,"column":9}},"type":"if","locations":[{"start":{"line":44,"column":8},"end":{"line":48,"column":9}},{"start":{},"end":{}}],"line":44},"1":{"loc":{"start":{"line":65,"column":8},"end":{"line":70,"column":9}},"type":"if","locations":[{"start":{"line":65,"column":8},"end":{"line":70,"column":9}},{"start":{"line":67,"column":15},"end":{"line":70,"column":9}}],"line":65},"2":{"loc":{"start":{"line":105,"column":8},"end":{"line":107,"column":9}},"type":"if","locations":[{"start":{"line":105,"column":8},"end":{"line":107,"column":9}},{"start":{},"end":{}}],"line":105},"3":{"loc":{"start":{"line":139,"column":12},"end":{"line":165,"column":13}},"type":"if","locations":[{"start":{"line":139,"column":12},"end":{"line":165,"column":13}},{"start":{},"end":{}}],"line":139},"4":{"loc":{"start":{"line":149,"column":20},"end":{"line":161,"column":21}},"type":"if","locations":[{"start":{"line":149,"column":20},"end":{"line":161,"column":21}},{"start":{},"end":{}}],"line":149},"5":{"loc":{"start":{"line":149,"column":24},"end":{"line":152,"column":78}},"type":"binary-expr","locations":[{"start":{"line":149,"column":24},"end":{"line":149,"column":71}},{"start":{"line":150,"column":24},"end":{"line":150,"column":56}},{"start":{"line":151,"column":24},"end":{"line":151,"column":81}},{"start":{"line":152,"column":24},"end":{"line":152,"column":78}}],"line":149},"6":{"loc":{"start":{"line":158,"column":24},"end":{"line":160,"column":25}},"type":"if","locations":[{"start":{"line":158,"column":24},"end":{"line":160,"column":25}},{"start":{},"end":{}}],"line":158}},"s":{"0":1,"1":1,"2":1,"3":1,"4":2,"5":2,"6":1,"7":1,"8":1,"9":1,"10":1,"11":1,"12":1,"13":1,"14":0,"15":0,"16":0,"17":0,"18":0,"19":0,"20":1,"21":2,"22":2,"23":1,"24":1,"25":1,"26":1,"27":0,"28":0,"29":0,"30":0,"31":0,"32":0,"33":0,"34":0,"35":1,"36":2,"37":2,"38":1,"39":1,"40":1,"41":1,"42":1,"43":1,"44":1,"45":32,"46":32,"47":32,"48":1,"49":5,"50":4,"51":4,"52":32,"53":32,"54":7,"55":12,"56":7,"57":7,"58":4,"59":1,"60":0,"61":0,"62":1,"63":0,"64":0,"65":0,"66":0,"67":1},"f":{"0":2,"1":1,"2":2,"3":0,"4":2,"5":1,"6":32,"7":5,"8":32,"9":12,"10":0},"b":{"0":[1,0],"1":[0,0],"2":[0,0],"3":[4,1],"4":[7,25],"5":[32,8,8,7],"6":[7,0]},"_coverageSchema":"1a1c01bbd47fc00a2c39e90264f33305004495a9","hash":"e3704151e3d293e9b8dc9d7560da95277059263a"}
,"C:\\Users\\ender\\Documents\\App\\4353Group47\\backend\\global_arrays\\data.js": {"path":"C:\\Users\\ender\\Documents\\App\\4353Group47\\backend\\global_arrays\\data.js","statementMap":{"0":{"start":{"line":1,"column":15},"end":{"line":98,"column":1}},"1":{"start":{"line":100,"column":19},"end":{"line":206,"column":1}},"2":{"start":{"line":208,"column":0},"end":{"line":211,"column":2}}},"fnMap":{},"branchMap":{},"s":{"0":2,"1":2,"2":2},"f":{},"b":{},"_coverageSchema":"1a1c01bbd47fc00a2c39e90264f33305004495a9","hash":"15500d2faaf7886c43cc30e85ccedeac21f47fbe"}
,"C:\\Users\\ender\\Documents\\App\\4353Group47\\backend\\models\\event.js": {"path":"C:\\Users\\ender\\Documents\\App\\4353Group47\\backend\\models\\event.js","statementMap":{"0":{"start":{"line":1,"column":17},"end":{"line":1,"column":36}},"1":{"start":{"line":3,"column":20},"end":{"line":45,"column":2}},"2":{"start":{"line":40,"column":16},"end":{"line":40,"column":42}},"3":{"start":{"line":47,"column":0},"end":{"line":47,"column":54}}},"fnMap":{"0":{"name":"(anonymous_0)","decl":{"start":{"line":39,"column":23},"end":{"line":39,"column":24}},"loc":{"start":{"line":39,"column":35},"end":{"line":41,"column":13}},"line":39}},"branchMap":{},"s":{"0":1,"1":1,"2":4,"3":1},"f":{"0":4},"b":{},"_coverageSchema":"1a1c01bbd47fc00a2c39e90264f33305004495a9","hash":"9a04508ae8dc2575b809f2a01c0a42623e655b34"}
,"C:\\Users\\ender\\Documents\\App\\4353Group47\\backend\\models\\user.js": {"path":"C:\\Users\\ender\\Documents\\App\\4353Group47\\backend\\models\\user.js","statementMap":{"0":{"start":{"line":1,"column":17},"end":{"line":1,"column":36}},"1":{"start":{"line":3,"column":19},"end":{"line":59,"column":2}},"2":{"start":{"line":61,"column":0},"end":{"line":61,"column":53}}},"fnMap":{},"branchMap":{},"s":{"0":2,"1":2,"2":2},"f":{},"b":{},"_coverageSchema":"1a1c01bbd47fc00a2c39e90264f33305004495a9","hash":"19413751e5e13739349a04ed92111d6949f24591"}
}
