{"C:\\Users\\ender\\Documents\\App\\4353Group47\\backend\\controllers\\event_controller.js": {"path":"C:\\Users\\ender\\Documents\\App\\4353Group47\\backend\\controllers\\event_controller.js","statementMap":{"0":{"start":{"line":1,"column":19},"end":{"line":1,"column":45}},"1":{"start":{"line":2,"column":18},"end":{"line":2,"column":43}},"2":{"start":{"line":4,"column":24},"end":{"line":6,"column":1}},"3":{"start":{"line":5,"column":4},"end":{"line":5,"column":42}},"4":{"start":{"line":35,"column":20},"end":{"line":61,"column":1}},"5":{"start":{"line":36,"column":4},"end":{"line":60,"column":5}},"6":{"start":{"line":37,"column":25},"end":{"line":37,"column":43}},"7":{"start":{"line":38,"column":42},"end":{"line":38,"column":97}},"8":{"start":{"line":38,"column":85},"end":{"line":38,"column":96}},"9":{"start":{"line":39,"column":25},"end":{"line":50,"column":10}},"10":{"start":{"line":51,"column":8},"end":{"line":51,"column":34}},"11":{"start":{"line":52,"column":26},"end":{"line":52,"column":47}},"12":{"start":{"line":53,"column":8},"end":{"line":53,"column":30}},"13":{"start":{"line":54,"column":8},"end":{"line":54,"column":27}},"14":{"start":{"line":56,"column":8},"end":{"line":56,"column":58}},"15":{"start":{"line":57,"column":8},"end":{"line":59,"column":10}},"16":{"start":{"line":63,"column":21},"end":{"line":72,"column":1}},"17":{"start":{"line":64,"column":4},"end":{"line":71,"column":5}},"18":{"start":{"line":65,"column":25},"end":{"line":65,"column":33}},"19":{"start":{"line":66,"column":23},"end":{"line":66,"column":46}},"20":{"start":{"line":67,"column":8},"end":{"line":67,"column":24}},"21":{"start":{"line":69,"column":8},"end":{"line":69,"column":29}},"22":{"start":{"line":70,"column":8},"end":{"line":70,"column":55}},"23":{"start":{"line":74,"column":20},"end":{"line":86,"column":1}},"24":{"start":{"line":75,"column":4},"end":{"line":85,"column":5}},"25":{"start":{"line":76,"column":24},"end":{"line":76,"column":42}},"26":{"start":{"line":77,"column":29},"end":{"line":77,"column":72}},"27":{"start":{"line":78,"column":8},"end":{"line":80,"column":9}},"28":{"start":{"line":79,"column":12},"end":{"line":79,"column":72}},"29":{"start":{"line":81,"column":8},"end":{"line":81,"column":86}},"30":{"start":{"line":83,"column":8},"end":{"line":83,"column":29}},"31":{"start":{"line":84,"column":8},"end":{"line":84,"column":58}},"32":{"start":{"line":88,"column":20},"end":{"line":95,"column":1}},"33":{"start":{"line":89,"column":4},"end":{"line":94,"column":5}},"34":{"start":{"line":90,"column":8},"end":{"line":90,"column":26}},"35":{"start":{"line":92,"column":8},"end":{"line":92,"column":29}},"36":{"start":{"line":93,"column":8},"end":{"line":93,"column":55}},"37":{"start":{"line":97,"column":18},"end":{"line":113,"column":1}},"38":{"start":{"line":98,"column":4},"end":{"line":112,"column":5}},"39":{"start":{"line":99,"column":28},"end":{"line":99,"column":38}},"40":{"start":{"line":100,"column":21},"end":{"line":100,"column":98}},"41":{"start":{"line":101,"column":8},"end":{"line":105,"column":9}},"42":{"start":{"line":102,"column":12},"end":{"line":104,"column":14}},"43":{"start":{"line":106,"column":8},"end":{"line":106,"column":50}},"44":{"start":{"line":108,"column":8},"end":{"line":108,"column":53}},"45":{"start":{"line":109,"column":8},"end":{"line":111,"column":10}},"46":{"start":{"line":115,"column":20},"end":{"line":138,"column":1}},"47":{"start":{"line":116,"column":4},"end":{"line":137,"column":5}},"48":{"start":{"line":117,"column":25},"end":{"line":117,"column":35}},"49":{"start":{"line":118,"column":24},"end":{"line":118,"column":36}},"50":{"start":{"line":119,"column":21},"end":{"line":119,"column":53}},"51":{"start":{"line":120,"column":8},"end":{"line":122,"column":9}},"52":{"start":{"line":121,"column":12},"end":{"line":121,"column":73}},"53":{"start":{"line":124,"column":8},"end":{"line":127,"column":9}},"54":{"start":{"line":125,"column":12},"end":{"line":125,"column":46}},"55":{"start":{"line":126,"column":12},"end":{"line":126,"column":30}},"56":{"start":{"line":129,"column":8},"end":{"line":131,"column":10}},"57":{"start":{"line":133,"column":8},"end":{"line":133,"column":53}},"58":{"start":{"line":134,"column":8},"end":{"line":136,"column":10}},"59":{"start":{"line":140,"column":22},"end":{"line":158,"column":1}},"60":{"start":{"line":141,"column":4},"end":{"line":157,"column":5}},"61":{"start":{"line":142,"column":34},"end":{"line":142,"column":44}},"62":{"start":{"line":143,"column":21},"end":{"line":149,"column":9}},"63":{"start":{"line":150,"column":8},"end":{"line":152,"column":9}},"64":{"start":{"line":151,"column":12},"end":{"line":151,"column":71}},"65":{"start":{"line":153,"column":8},"end":{"line":153,"column":92}},"66":{"start":{"line":155,"column":8},"end":{"line":155,"column":29}},"67":{"start":{"line":156,"column":8},"end":{"line":156,"column":55}},"68":{"start":{"line":160,"column":0},"end":{"line":170,"column":1}}},"fnMap":{"0":{"name":"(anonymous_0)","decl":{"start":{"line":4,"column":24},"end":{"line":4,"column":25}},"loc":{"start":{"line":4,"column":40},"end":{"line":6,"column":1}},"line":4},"1":{"name":"(anonymous_1)","decl":{"start":{"line":35,"column":20},"end":{"line":35,"column":21}},"loc":{"start":{"line":35,"column":40},"end":{"line":61,"column":1}},"line":35},"2":{"name":"(anonymous_2)","decl":{"start":{"line":38,"column":77},"end":{"line":38,"column":78}},"loc":{"start":{"line":38,"column":85},"end":{"line":38,"column":96}},"line":38},"3":{"name":"(anonymous_3)","decl":{"start":{"line":63,"column":21},"end":{"line":63,"column":22}},"loc":{"start":{"line":63,"column":41},"end":{"line":72,"column":1}},"line":63},"4":{"name":"(anonymous_4)","decl":{"start":{"line":74,"column":20},"end":{"line":74,"column":21}},"loc":{"start":{"line":74,"column":40},"end":{"line":86,"column":1}},"line":74},"5":{"name":"(anonymous_5)","decl":{"start":{"line":88,"column":20},"end":{"line":88,"column":21}},"loc":{"start":{"line":88,"column":39},"end":{"line":95,"column":1}},"line":88},"6":{"name":"(anonymous_6)","decl":{"start":{"line":97,"column":18},"end":{"line":97,"column":19}},"loc":{"start":{"line":97,"column":38},"end":{"line":113,"column":1}},"line":97},"7":{"name":"(anonymous_7)","decl":{"start":{"line":115,"column":20},"end":{"line":115,"column":21}},"loc":{"start":{"line":115,"column":40},"end":{"line":138,"column":1}},"line":115},"8":{"name":"(anonymous_8)","decl":{"start":{"line":140,"column":22},"end":{"line":140,"column":23}},"loc":{"start":{"line":140,"column":42},"end":{"line":158,"column":1}},"line":140}},"branchMap":{"0":{"loc":{"start":{"line":58,"column":21},"end":{"line":58,"column":52}},"type":"binary-expr","locations":[{"start":{"line":58,"column":21},"end":{"line":58,"column":34}},{"start":{"line":58,"column":38},"end":{"line":58,"column":52}}],"line":58},"1":{"loc":{"start":{"line":78,"column":8},"end":{"line":80,"column":9}},"type":"if","locations":[{"start":{"line":78,"column":8},"end":{"line":80,"column":9}},{"start":{},"end":{}}],"line":78},"2":{"loc":{"start":{"line":101,"column":8},"end":{"line":105,"column":9}},"type":"if","locations":[{"start":{"line":101,"column":8},"end":{"line":105,"column":9}},{"start":{},"end":{}}],"line":101},"3":{"loc":{"start":{"line":120,"column":8},"end":{"line":122,"column":9}},"type":"if","locations":[{"start":{"line":120,"column":8},"end":{"line":122,"column":9}},{"start":{},"end":{}}],"line":120},"4":{"loc":{"start":{"line":124,"column":8},"end":{"line":127,"column":9}},"type":"if","locations":[{"start":{"line":124,"column":8},"end":{"line":127,"column":9}},{"start":{},"end":{}}],"line":124},"5":{"loc":{"start":{"line":150,"column":8},"end":{"line":152,"column":9}},"type":"if","locations":[{"start":{"line":150,"column":8},"end":{"line":152,"column":9}},{"start":{},"end":{}}],"line":150}},"s":{"0":2,"1":2,"2":2,"3":7,"4":2,"5":2,"6":2,"7":2,"8":4,"9":2,"10":2,"11":1,"12":1,"13":1,"14":1,"15":1,"16":2,"17":2,"18":2,"19":1,"20":1,"21":1,"22":1,"23":2,"24":3,"25":3,"26":3,"27":2,"28":1,"29":1,"30":1,"31":1,"32":2,"33":2,"34":2,"35":1,"36":1,"37":2,"38":0,"39":0,"40":0,"41":0,"42":0,"43":0,"44":0,"45":0,"46":2,"47":3,"48":3,"49":3,"50":3,"51":2,"52":1,"53":1,"54":1,"55":1,"56":1,"57":1,"58":1,"59":2,"60":3,"61":3,"62":3,"63":2,"64":1,"65":1,"66":1,"67":1,"68":2},"f":{"0":7,"1":2,"2":4,"3":2,"4":3,"5":2,"6":0,"7":3,"8":3},"b":{"0":[1,0],"1":[1,1],"2":[0,0],"3":[1,1],"4":[1,0],"5":[1,1]},"_coverageSchema":"1a1c01bbd47fc00a2c39e90264f33305004495a9","hash":"c0b225ea0cfcd3bdf2855aece41a4dee4ed13611"}
,"C:\\Users\\ender\\Documents\\App\\4353Group47\\backend\\controllers\\user_controller.js": {"path":"C:\\Users\\ender\\Documents\\App\\4353Group47\\backend\\controllers\\user_controller.js","statementMap":{"0":{"start":{"line":1,"column":18},"end":{"line":1,"column":43}},"1":{"start":{"line":2,"column":19},"end":{"line":2,"column":45}},"2":{"start":{"line":3,"column":15},"end":{"line":3,"column":32}},"3":{"start":{"line":4,"column":31},"end":{"line":4,"column":63}},"4":{"start":{"line":6,"column":20},"end":{"line":26,"column":1}},"5":{"start":{"line":7,"column":4},"end":{"line":25,"column":5}},"6":{"start":{"line":8,"column":36},"end":{"line":8,"column":68}},"7":{"start":{"line":9,"column":27},"end":{"line":9,"column":77}},"8":{"start":{"line":10,"column":8},"end":{"line":19,"column":9}},"9":{"start":{"line":11,"column":26},"end":{"line":11,"column":77}},"10":{"start":{"line":12,"column":12},"end":{"line":16,"column":13}},"11":{"start":{"line":13,"column":16},"end":{"line":13,"column":37}},"12":{"start":{"line":15,"column":16},"end":{"line":15,"column":70}},"13":{"start":{"line":18,"column":12},"end":{"line":18,"column":64}},"14":{"start":{"line":21,"column":8},"end":{"line":21,"column":29}},"15":{"start":{"line":22,"column":8},"end":{"line":24,"column":10}},"16":{"start":{"line":28,"column":23},"end":{"line":56,"column":1}},"17":{"start":{"line":29,"column":4},"end":{"line":55,"column":5}},"18":{"start":{"line":30,"column":28},"end":{"line":30,"column":48}},"19":{"start":{"line":31,"column":29},"end":{"line":31,"column":110}},"20":{"start":{"line":32,"column":8},"end":{"line":34,"column":9}},"21":{"start":{"line":33,"column":12},"end":{"line":33,"column":80}},"22":{"start":{"line":35,"column":31},"end":{"line":35,"column":74}},"23":{"start":{"line":36,"column":24},"end":{"line":48,"column":10}},"24":{"start":{"line":49,"column":8},"end":{"line":49,"column":32}},"25":{"start":{"line":50,"column":25},"end":{"line":50,"column":45}},"26":{"start":{"line":51,"column":8},"end":{"line":51,"column":26}},"27":{"start":{"line":53,"column":8},"end":{"line":53,"column":50}},"28":{"start":{"line":54,"column":8},"end":{"line":54,"column":73}},"29":{"start":{"line":58,"column":23},"end":{"line":72,"column":1}},"30":{"start":{"line":59,"column":4},"end":{"line":71,"column":5}},"31":{"start":{"line":60,"column":23},"end":{"line":60,"column":40}},"32":{"start":{"line":61,"column":28},"end":{"line":61,"column":60}},"33":{"start":{"line":62,"column":8},"end":{"line":66,"column":9}},"34":{"start":{"line":63,"column":12},"end":{"line":65,"column":15}},"35":{"start":{"line":67,"column":8},"end":{"line":67,"column":30}},"36":{"start":{"line":69,"column":8},"end":{"line":69,"column":61}},"37":{"start":{"line":70,"column":8},"end":{"line":70,"column":58}},"38":{"start":{"line":74,"column":25},"end":{"line":90,"column":1}},"39":{"start":{"line":75,"column":4},"end":{"line":88,"column":5}},"40":{"start":{"line":76,"column":27},"end":{"line":76,"column":37}},"41":{"start":{"line":77,"column":21},"end":{"line":77,"column":70}},"42":{"start":{"line":78,"column":8},"end":{"line":82,"column":9}},"43":{"start":{"line":79,"column":12},"end":{"line":81,"column":15}},"44":{"start":{"line":84,"column":8},"end":{"line":84,"column":49}},"45":{"start":{"line":86,"column":8},"end":{"line":86,"column":60}},"46":{"start":{"line":87,"column":8},"end":{"line":87,"column":58}},"47":{"start":{"line":92,"column":28},"end":{"line":118,"column":1}},"48":{"start":{"line":93,"column":4},"end":{"line":117,"column":5}},"49":{"start":{"line":94,"column":27},"end":{"line":94,"column":37}},"50":{"start":{"line":95,"column":76},"end":{"line":95,"column":98}},"51":{"start":{"line":97,"column":33},"end":{"line":101,"column":9}},"52":{"start":{"line":103,"column":28},"end":{"line":107,"column":9}},"53":{"start":{"line":109,"column":8},"end":{"line":111,"column":9}},"54":{"start":{"line":110,"column":12},"end":{"line":110,"column":71}},"55":{"start":{"line":113,"column":8},"end":{"line":113,"column":56}},"56":{"start":{"line":115,"column":8},"end":{"line":115,"column":53}},"57":{"start":{"line":116,"column":8},"end":{"line":116,"column":66}},"58":{"start":{"line":120,"column":17},"end":{"line":138,"column":1}},"59":{"start":{"line":121,"column":23},"end":{"line":121,"column":33}},"60":{"start":{"line":122,"column":25},"end":{"line":122,"column":33}},"61":{"start":{"line":124,"column":4},"end":{"line":137,"column":5}},"62":{"start":{"line":125,"column":21},"end":{"line":125,"column":53}},"63":{"start":{"line":126,"column":8},"end":{"line":128,"column":9}},"64":{"start":{"line":127,"column":12},"end":{"line":127,"column":71}},"65":{"start":{"line":129,"column":8},"end":{"line":131,"column":9}},"66":{"start":{"line":130,"column":12},"end":{"line":130,"column":39}},"67":{"start":{"line":132,"column":8},"end":{"line":132,"column":26}},"68":{"start":{"line":133,"column":8},"end":{"line":133,"column":42}},"69":{"start":{"line":135,"column":8},"end":{"line":135,"column":53}},"70":{"start":{"line":136,"column":8},"end":{"line":136,"column":66}},"71":{"start":{"line":140,"column":20},"end":{"line":156,"column":1}},"72":{"start":{"line":141,"column":4},"end":{"line":155,"column":5}},"73":{"start":{"line":142,"column":34},"end":{"line":142,"column":44}},"74":{"start":{"line":143,"column":21},"end":{"line":147,"column":9}},"75":{"start":{"line":148,"column":8},"end":{"line":150,"column":9}},"76":{"start":{"line":149,"column":12},"end":{"line":149,"column":70}},"77":{"start":{"line":151,"column":8},"end":{"line":151,"column":53}},"78":{"start":{"line":153,"column":8},"end":{"line":153,"column":53}},"79":{"start":{"line":154,"column":8},"end":{"line":154,"column":66}},"80":{"start":{"line":158,"column":28},"end":{"line":172,"column":1}},"81":{"start":{"line":159,"column":4},"end":{"line":171,"column":5}},"82":{"start":{"line":160,"column":23},"end":{"line":160,"column":40}},"83":{"start":{"line":161,"column":21},"end":{"line":161,"column":80}},"84":{"start":{"line":162,"column":8},"end":{"line":166,"column":9}},"85":{"start":{"line":163,"column":12},"end":{"line":165,"column":15}},"86":{"start":{"line":167,"column":8},"end":{"line":167,"column":38}},"87":{"start":{"line":169,"column":8},"end":{"line":169,"column":66}},"88":{"start":{"line":170,"column":8},"end":{"line":170,"column":58}},"89":{"start":{"line":174,"column":23},"end":{"line":225,"column":1}},"90":{"start":{"line":175,"column":4},"end":{"line":224,"column":5}},"91":{"start":{"line":176,"column":23},"end":{"line":176,"column":46}},"92":{"start":{"line":177,"column":27},"end":{"line":177,"column":49}},"93":{"start":{"line":179,"column":22},"end":{"line":179,"column":24}},"94":{"start":{"line":181,"column":29},"end":{"line":184,"column":9}},"95":{"start":{"line":182,"column":25},"end":{"line":182,"column":103}},"96":{"start":{"line":183,"column":12},"end":{"line":183,"column":42}},"97":{"start":{"line":186,"column":8},"end":{"line":218,"column":11}},"98":{"start":{"line":187,"column":12},"end":{"line":217,"column":13}},"99":{"start":{"line":188,"column":39},"end":{"line":194,"column":17}},"100":{"start":{"line":195,"column":16},"end":{"line":215,"column":19}},"101":{"start":{"line":196,"column":37},"end":{"line":196,"column":66}},"102":{"start":{"line":198,"column":34},"end":{"line":198,"column":91}},"103":{"start":{"line":199,"column":36},"end":{"line":199,"column":95}},"104":{"start":{"line":200,"column":43},"end":{"line":200,"column":64}},"105":{"start":{"line":202,"column":20},"end":{"line":214,"column":21}},"106":{"start":{"line":207,"column":42},"end":{"line":209,"column":25}},"107":{"start":{"line":208,"column":28},"end":{"line":208,"column":60}},"108":{"start":{"line":211,"column":24},"end":{"line":213,"column":25}},"109":{"start":{"line":212,"column":28},"end":{"line":212,"column":81}},"110":{"start":{"line":216,"column":16},"end":{"line":216,"column":47}},"111":{"start":{"line":219,"column":8},"end":{"line":219,"column":26}},"112":{"start":{"line":222,"column":8},"end":{"line":222,"column":67}},"113":{"start":{"line":223,"column":8},"end":{"line":223,"column":58}},"114":{"start":{"line":227,"column":16},"end":{"line":236,"column":1}},"115":{"start":{"line":228,"column":4},"end":{"line":235,"column":5}},"116":{"start":{"line":229,"column":23},"end":{"line":229,"column":46}},"117":{"start":{"line":230,"column":27},"end":{"line":230,"column":49}},"118":{"start":{"line":231,"column":8},"end":{"line":231,"column":41}},"119":{"start":{"line":233,"column":8},"end":{"line":233,"column":53}},"120":{"start":{"line":234,"column":8},"end":{"line":234,"column":58}},"121":{"start":{"line":238,"column":21},"end":{"line":259,"column":1}},"122":{"start":{"line":239,"column":4},"end":{"line":258,"column":5}},"123":{"start":{"line":240,"column":27},"end":{"line":240,"column":37}},"124":{"start":{"line":241,"column":30},"end":{"line":241,"column":38}},"125":{"start":{"line":243,"column":28},"end":{"line":247,"column":9}},"126":{"start":{"line":249,"column":8},"end":{"line":251,"column":9}},"127":{"start":{"line":250,"column":12},"end":{"line":250,"column":72}},"128":{"start":{"line":252,"column":8},"end":{"line":252,"column":42}},"129":{"start":{"line":254,"column":8},"end":{"line":254,"column":53}},"130":{"start":{"line":255,"column":8},"end":{"line":257,"column":10}},"131":{"start":{"line":261,"column":25},"end":{"line":285,"column":1}},"132":{"start":{"line":262,"column":4},"end":{"line":284,"column":5}},"133":{"start":{"line":263,"column":27},"end":{"line":263,"column":37}},"134":{"start":{"line":264,"column":36},"end":{"line":264,"column":52}},"135":{"start":{"line":265,"column":32},"end":{"line":268,"column":9}},"136":{"start":{"line":269,"column":28},"end":{"line":273,"column":9}},"137":{"start":{"line":275,"column":8},"end":{"line":277,"column":9}},"138":{"start":{"line":276,"column":12},"end":{"line":276,"column":72}},"139":{"start":{"line":278,"column":8},"end":{"line":278,"column":42}},"140":{"start":{"line":280,"column":8},"end":{"line":280,"column":52}},"141":{"start":{"line":281,"column":8},"end":{"line":283,"column":10}},"142":{"start":{"line":287,"column":0},"end":{"line":300,"column":1}}},"fnMap":{"0":{"name":"(anonymous_0)","decl":{"start":{"line":6,"column":20},"end":{"line":6,"column":21}},"loc":{"start":{"line":6,"column":40},"end":{"line":26,"column":1}},"line":6},"1":{"name":"(anonymous_1)","decl":{"start":{"line":28,"column":23},"end":{"line":28,"column":24}},"loc":{"start":{"line":28,"column":43},"end":{"line":56,"column":1}},"line":28},"2":{"name":"(anonymous_2)","decl":{"start":{"line":58,"column":23},"end":{"line":58,"column":24}},"loc":{"start":{"line":58,"column":43},"end":{"line":72,"column":1}},"line":58},"3":{"name":"(anonymous_3)","decl":{"start":{"line":74,"column":25},"end":{"line":74,"column":26}},"loc":{"start":{"line":74,"column":45},"end":{"line":90,"column":1}},"line":74},"4":{"name":"(anonymous_4)","decl":{"start":{"line":92,"column":28},"end":{"line":92,"column":29}},"loc":{"start":{"line":92,"column":48},"end":{"line":118,"column":1}},"line":92},"5":{"name":"(anonymous_5)","decl":{"start":{"line":120,"column":17},"end":{"line":120,"column":18}},"loc":{"start":{"line":120,"column":37},"end":{"line":138,"column":1}},"line":120},"6":{"name":"(anonymous_6)","decl":{"start":{"line":140,"column":20},"end":{"line":140,"column":21}},"loc":{"start":{"line":140,"column":40},"end":{"line":156,"column":1}},"line":140},"7":{"name":"(anonymous_7)","decl":{"start":{"line":158,"column":28},"end":{"line":158,"column":29}},"loc":{"start":{"line":158,"column":48},"end":{"line":172,"column":1}},"line":158},"8":{"name":"(anonymous_8)","decl":{"start":{"line":174,"column":23},"end":{"line":174,"column":24}},"loc":{"start":{"line":174,"column":43},"end":{"line":225,"column":1}},"line":174},"9":{"name":"(anonymous_9)","decl":{"start":{"line":181,"column":29},"end":{"line":181,"column":30}},"loc":{"start":{"line":181,"column":39},"end":{"line":184,"column":9}},"line":181},"10":{"name":"(anonymous_10)","decl":{"start":{"line":186,"column":27},"end":{"line":186,"column":28}},"loc":{"start":{"line":186,"column":40},"end":{"line":218,"column":9}},"line":186},"11":{"name":"(anonymous_11)","decl":{"start":{"line":195,"column":31},"end":{"line":195,"column":32}},"loc":{"start":{"line":195,"column":40},"end":{"line":215,"column":17}},"line":195},"12":{"name":"(anonymous_12)","decl":{"start":{"line":207,"column":69},"end":{"line":207,"column":70}},"loc":{"start":{"line":208,"column":28},"end":{"line":208,"column":60}},"line":208},"13":{"name":"(anonymous_13)","decl":{"start":{"line":227,"column":16},"end":{"line":227,"column":17}},"loc":{"start":{"line":227,"column":36},"end":{"line":236,"column":1}},"line":227},"14":{"name":"(anonymous_14)","decl":{"start":{"line":238,"column":21},"end":{"line":238,"column":22}},"loc":{"start":{"line":238,"column":41},"end":{"line":259,"column":1}},"line":238},"15":{"name":"(anonymous_15)","decl":{"start":{"line":261,"column":25},"end":{"line":261,"column":26}},"loc":{"start":{"line":261,"column":45},"end":{"line":285,"column":1}},"line":261}},"branchMap":{"0":{"loc":{"start":{"line":10,"column":8},"end":{"line":19,"column":9}},"type":"if","locations":[{"start":{"line":10,"column":8},"end":{"line":19,"column":9}},{"start":{"line":17,"column":15},"end":{"line":19,"column":9}}],"line":10},"1":{"loc":{"start":{"line":12,"column":12},"end":{"line":16,"column":13}},"type":"if","locations":[{"start":{"line":12,"column":12},"end":{"line":16,"column":13}},{"start":{"line":14,"column":19},"end":{"line":16,"column":13}}],"line":12},"2":{"loc":{"start":{"line":32,"column":8},"end":{"line":34,"column":9}},"type":"if","locations":[{"start":{"line":32,"column":8},"end":{"line":34,"column":9}},{"start":{},"end":{}}],"line":32},"3":{"loc":{"start":{"line":62,"column":8},"end":{"line":66,"column":9}},"type":"if","locations":[{"start":{"line":62,"column":8},"end":{"line":66,"column":9}},{"start":{},"end":{}}],"line":62},"4":{"loc":{"start":{"line":78,"column":8},"end":{"line":82,"column":9}},"type":"if","locations":[{"start":{"line":78,"column":8},"end":{"line":82,"column":9}},{"start":{},"end":{}}],"line":78},"5":{"loc":{"start":{"line":109,"column":8},"end":{"line":111,"column":9}},"type":"if","locations":[{"start":{"line":109,"column":8},"end":{"line":111,"column":9}},{"start":{},"end":{}}],"line":109},"6":{"loc":{"start":{"line":126,"column":8},"end":{"line":128,"column":9}},"type":"if","locations":[{"start":{"line":126,"column":8},"end":{"line":128,"column":9}},{"start":{},"end":{}}],"line":126},"7":{"loc":{"start":{"line":129,"column":8},"end":{"line":131,"column":9}},"type":"if","locations":[{"start":{"line":129,"column":8},"end":{"line":131,"column":9}},{"start":{},"end":{}}],"line":129},"8":{"loc":{"start":{"line":148,"column":8},"end":{"line":150,"column":9}},"type":"if","locations":[{"start":{"line":148,"column":8},"end":{"line":150,"column":9}},{"start":{},"end":{}}],"line":148},"9":{"loc":{"start":{"line":162,"column":8},"end":{"line":166,"column":9}},"type":"if","locations":[{"start":{"line":162,"column":8},"end":{"line":166,"column":9}},{"start":{},"end":{}}],"line":162},"10":{"loc":{"start":{"line":187,"column":12},"end":{"line":217,"column":13}},"type":"if","locations":[{"start":{"line":187,"column":12},"end":{"line":217,"column":13}},{"start":{},"end":{}}],"line":187},"11":{"loc":{"start":{"line":202,"column":20},"end":{"line":214,"column":21}},"type":"if","locations":[{"start":{"line":202,"column":20},"end":{"line":214,"column":21}},{"start":{},"end":{}}],"line":202},"12":{"loc":{"start":{"line":202,"column":24},"end":{"line":205,"column":77}},"type":"binary-expr","locations":[{"start":{"line":202,"column":24},"end":{"line":202,"column":71}},{"start":{"line":203,"column":24},"end":{"line":203,"column":56}},{"start":{"line":204,"column":24},"end":{"line":204,"column":80}},{"start":{"line":205,"column":24},"end":{"line":205,"column":77}}],"line":202},"13":{"loc":{"start":{"line":211,"column":24},"end":{"line":213,"column":25}},"type":"if","locations":[{"start":{"line":211,"column":24},"end":{"line":213,"column":25}},{"start":{},"end":{}}],"line":211},"14":{"loc":{"start":{"line":249,"column":8},"end":{"line":251,"column":9}},"type":"if","locations":[{"start":{"line":249,"column":8},"end":{"line":251,"column":9}},{"start":{},"end":{}}],"line":249},"15":{"loc":{"start":{"line":275,"column":8},"end":{"line":277,"column":9}},"type":"if","locations":[{"start":{"line":275,"column":8},"end":{"line":277,"column":9}},{"start":{},"end":{}}],"line":275}},"s":{"0":2,"1":2,"2":2,"3":2,"4":2,"5":4,"6":4,"7":4,"8":3,"9":2,"10":2,"11":1,"12":1,"13":1,"14":1,"15":1,"16":2,"17":3,"18":3,"19":3,"20":2,"21":1,"22":1,"23":1,"24":1,"25":1,"26":1,"27":1,"28":1,"29":2,"30":3,"31":3,"32":3,"33":2,"34":1,"35":1,"36":1,"37":1,"38":2,"39":3,"40":3,"41":3,"42":2,"43":1,"44":1,"45":1,"46":1,"47":2,"48":3,"49":3,"50":3,"51":3,"52":3,"53":2,"54":1,"55":1,"56":1,"57":1,"58":2,"59":4,"60":4,"61":4,"62":4,"63":3,"64":1,"65":2,"66":1,"67":2,"68":2,"69":1,"70":1,"71":2,"72":3,"73":3,"74":3,"75":2,"76":1,"77":1,"78":1,"79":1,"80":2,"81":0,"82":0,"83":0,"84":0,"85":0,"86":0,"87":0,"88":0,"89":2,"90":2,"91":2,"92":2,"93":1,"94":1,"95":4,"96":4,"97":1,"98":2,"99":2,"100":2,"101":4,"102":4,"103":4,"104":4,"105":4,"106":2,"107":3,"108":2,"109":2,"110":2,"111":1,"112":1,"113":1,"114":2,"115":2,"116":2,"117":1,"118":1,"119":1,"120":1,"121":2,"122":3,"123":3,"124":3,"125":3,"126":2,"127":1,"128":1,"129":1,"130":1,"131":2,"132":3,"133":3,"134":3,"135":3,"136":3,"137":2,"138":1,"139":1,"140":1,"141":1,"142":2},"f":{"0":4,"1":3,"2":3,"3":3,"4":3,"5":4,"6":3,"7":0,"8":2,"9":4,"10":2,"11":4,"12":3,"13":2,"14":3,"15":3},"b":{"0":[2,1],"1":[1,1],"2":[1,1],"3":[1,1],"4":[1,1],"5":[1,1],"6":[1,2],"7":[1,1],"8":[1,1],"9":[0,0],"10":[2,0],"11":[2,2],"12":[4,2,2,2],"13":[2,0],"14":[1,1],"15":[1,1]},"_coverageSchema":"1a1c01bbd47fc00a2c39e90264f33305004495a9","hash":"23d05928c30fb5ed462e4bb6b39a936890b55d75"}
,"C:\\Users\\ender\\Documents\\App\\4353Group47\\backend\\global_arrays\\data.js": {"path":"C:\\Users\\ender\\Documents\\App\\4353Group47\\backend\\global_arrays\\data.js","statementMap":{"0":{"start":{"line":1,"column":15},"end":{"line":98,"column":1}},"1":{"start":{"line":100,"column":19},"end":{"line":230,"column":1}},"2":{"start":{"line":232,"column":0},"end":{"line":235,"column":2}}},"fnMap":{},"branchMap":{},"s":{"0":4,"1":4,"2":4},"f":{},"b":{},"_coverageSchema":"1a1c01bbd47fc00a2c39e90264f33305004495a9","hash":"ccd45782fcbe2cfb2eddf49ff59bf7da973d4ce3"}
,"C:\\Users\\ender\\Documents\\App\\4353Group47\\backend\\models\\event.js": {"path":"C:\\Users\\ender\\Documents\\App\\4353Group47\\backend\\models\\event.js","statementMap":{"0":{"start":{"line":1,"column":17},"end":{"line":1,"column":36}},"1":{"start":{"line":3,"column":20},"end":{"line":49,"column":2}},"2":{"start":{"line":40,"column":16},"end":{"line":40,"column":42}},"3":{"start":{"line":51,"column":0},"end":{"line":51,"column":54}}},"fnMap":{"0":{"name":"(anonymous_0)","decl":{"start":{"line":39,"column":23},"end":{"line":39,"column":24}},"loc":{"start":{"line":39,"column":35},"end":{"line":41,"column":13}},"line":39}},"branchMap":{},"s":{"0":5,"1":5,"2":4,"3":5},"f":{"0":4},"b":{},"_coverageSchema":"1a1c01bbd47fc00a2c39e90264f33305004495a9","hash":"6d2ff6332852f644a5657013077b730539d6fb30"}
,"C:\\Users\\ender\\Documents\\App\\4353Group47\\backend\\models\\user.js": {"path":"C:\\Users\\ender\\Documents\\App\\4353Group47\\backend\\models\\user.js","statementMap":{"0":{"start":{"line":1,"column":17},"end":{"line":1,"column":36}},"1":{"start":{"line":3,"column":27},"end":{"line":12,"column":2}},"2":{"start":{"line":14,"column":19},"end":{"line":133,"column":2}},"3":{"start":{"line":135,"column":0},"end":{"line":135,"column":53}}},"fnMap":{},"branchMap":{},"s":{"0":5,"1":5,"2":5,"3":5},"f":{},"b":{},"_coverageSchema":"1a1c01bbd47fc00a2c39e90264f33305004495a9","hash":"c1f6347c8a5369234f9e67d0504a29541e96e6d7"}
,"C:\\Users\\ender\\Documents\\App\\4353Group47\\backend\\routes\\event_actions.js": {"path":"C:\\Users\\ender\\Documents\\App\\4353Group47\\backend\\routes\\event_actions.js","statementMap":{"0":{"start":{"line":1,"column":16},"end":{"line":1,"column":34}},"1":{"start":{"line":2,"column":15},"end":{"line":2,"column":31}},"2":{"start":{"line":3,"column":24},"end":{"line":3,"column":66}},"3":{"start":{"line":5,"column":0},"end":{"line":5,"column":57}},"4":{"start":{"line":6,"column":0},"end":{"line":6,"column":58}},"5":{"start":{"line":7,"column":0},"end":{"line":7,"column":68}},"6":{"start":{"line":8,"column":0},"end":{"line":8,"column":65}},"7":{"start":{"line":9,"column":0},"end":{"line":9,"column":66}},"8":{"start":{"line":10,"column":0},"end":{"line":10,"column":64}},"9":{"start":{"line":11,"column":0},"end":{"line":11,"column":80}},"10":{"start":{"line":13,"column":0},"end":{"line":13,"column":24}}},"fnMap":{},"branchMap":{},"s":{"0":1,"1":1,"2":1,"3":1,"4":1,"5":1,"6":1,"7":1,"8":1,"9":1,"10":1},"f":{},"b":{},"_coverageSchema":"1a1c01bbd47fc00a2c39e90264f33305004495a9","hash":"0dca95b8e49b725080dd0e5ac7d0920dc178b50b"}
,"C:\\Users\\ender\\Documents\\App\\4353Group47\\backend\\routes\\user_actions.js": {"path":"C:\\Users\\ender\\Documents\\App\\4353Group47\\backend\\routes\\user_actions.js","statementMap":{"0":{"start":{"line":1,"column":16},"end":{"line":1,"column":34}},"1":{"start":{"line":2,"column":15},"end":{"line":2,"column":31}},"2":{"start":{"line":3,"column":23},"end":{"line":3,"column":64}},"3":{"start":{"line":5,"column":0},"end":{"line":5,"column":50}},"4":{"start":{"line":6,"column":0},"end":{"line":6,"column":56}},"5":{"start":{"line":7,"column":0},"end":{"line":7,"column":62}},"6":{"start":{"line":8,"column":0},"end":{"line":8,"column":73}},"7":{"start":{"line":9,"column":0},"end":{"line":9,"column":80}},"8":{"start":{"line":10,"column":0},"end":{"line":10,"column":77}},"9":{"start":{"line":11,"column":0},"end":{"line":11,"column":65}},"10":{"start":{"line":12,"column":0},"end":{"line":12,"column":44}},"11":{"start":{"line":13,"column":0},"end":{"line":13,"column":57}},"12":{"start":{"line":14,"column":0},"end":{"line":14,"column":73}},"13":{"start":{"line":15,"column":0},"end":{"line":15,"column":60}},"14":{"start":{"line":16,"column":0},"end":{"line":16,"column":73}},"15":{"start":{"line":18,"column":0},"end":{"line":18,"column":24}}},"fnMap":{},"branchMap":{},"s":{"0":1,"1":1,"2":1,"3":1,"4":1,"5":1,"6":1,"7":1,"8":1,"9":1,"10":1,"11":1,"12":1,"13":1,"14":1,"15":1},"f":{},"b":{},"_coverageSchema":"1a1c01bbd47fc00a2c39e90264f33305004495a9","hash":"5d09e0536f6e2d96cbc5a51650c0d4efdd4404a9"}
}
