TN:
SF:controllers/event_controller.js
FN:30,(anonymous_0)
FN:42,(anonymous_1)
FN:53,(anonymous_2)
FN:62,(anonymous_3)
FNF:4
FNH:4
FNDA:2,(anonymous_0)
FNDA:2,(anonymous_1)
FNDA:2,(anonymous_2)
FNDA:2,(anonymous_3)
DA:1,2
DA:3,2
DA:30,2
DA:31,2
DA:32,2
DA:33,1
DA:35,1
DA:36,1
DA:42,2
DA:43,2
DA:44,2
DA:45,1
DA:46,1
DA:48,1
DA:49,1
DA:53,2
DA:54,2
DA:55,2
DA:57,1
DA:58,1
DA:62,2
DA:63,2
DA:64,2
DA:66,1
DA:67,1
DA:71,2
LF:26
LH:26
BRF:0
BRH:0
end_of_record
TN:
SF:controllers/user_controller.js
FN:5,(anonymous_0)
FN:39,(anonymous_1)
FN:74,(anonymous_2)
FN:87,(anonymous_3)
FN:116,(anonymous_4)
FN:129,(anonymous_5)
FN:133,(anonymous_6)
FN:139,(anonymous_7)
FN:148,(anonymous_8)
FN:155,(anonymous_9)
FN:178,(anonymous_10)
FN:190,(anonymous_11)
FN:202,(anonymous_12)
FNF:13
FNH:13
FNDA:2,(anonymous_0)
FNDA:3,(anonymous_1)
FNDA:2,(anonymous_2)
FNDA:3,(anonymous_3)
FNDA:2,(anonymous_4)
FNDA:2,(anonymous_5)
FNDA:33,(anonymous_6)
FNDA:7,(anonymous_7)
FNDA:33,(anonymous_8)
FNDA:12,(anonymous_9)
FNDA:2,(anonymous_10)
FNDA:2,(anonymous_11)
FNDA:2,(anonymous_12)
DA:1,2
DA:2,2
DA:3,2
DA:5,2
DA:6,2
DA:27,2
DA:32,1
DA:33,1
DA:39,2
DA:40,3
DA:41,3
DA:43,2
DA:44,2
DA:45,1
DA:49,1
DA:63,1
DA:68,1
DA:69,1
DA:74,2
DA:75,2
DA:77,2
DA:80,1
DA:82,1
DA:83,1
DA:87,2
DA:88,3
DA:89,3
DA:90,2
DA:92,2
DA:105,2
DA:106,1
DA:109,1
DA:111,1
DA:112,1
DA:116,2
DA:117,2
DA:119,2
DA:122,1
DA:124,1
DA:125,1
DA:129,2
DA:130,2
DA:131,2
DA:133,2
DA:134,33
DA:135,32
DA:136,32
DA:139,2
DA:140,7
DA:141,5
DA:148,5
DA:149,33
DA:150,32
DA:155,7
DA:156,12
DA:159,7
DA:160,7
DA:165,4
DA:169,1
DA:172,1
DA:173,1
DA:178,2
DA:179,2
DA:180,2
DA:181,1
DA:183,1
DA:184,1
DA:190,2
DA:191,2
DA:192,2
DA:193,1
DA:195,1
DA:196,1
DA:202,2
DA:203,2
DA:204,2
DA:205,1
DA:207,1
DA:208,1
DA:214,2
LF:80
LH:80
BRDA:44,0,0,1
BRDA:44,0,1,1
BRDA:105,1,0,1
BRDA:105,1,1,1
BRDA:140,2,0,5
BRDA:140,2,1,2
BRDA:150,3,0,7
BRDA:150,3,1,25
BRDA:150,4,0,32
BRDA:150,4,1,8
BRDA:150,4,2,8
BRDA:150,4,3,7
BRDA:159,5,0,7
BRDA:159,5,1,0
BRF:14
BRH:13
end_of_record
TN:
SF:global_arrays/data.js
FNF:0
FNH:0
DA:1,4
DA:100,4
DA:232,4
LF:3
LH:3
BRF:0
BRH:0
end_of_record
TN:
SF:models/event.js
FN:39,(anonymous_0)
FNF:1
FNH:1
FNDA:4,(anonymous_0)
DA:1,3
DA:3,3
DA:40,4
DA:47,3
LF:4
LH:4
BRF:0
BRH:0
end_of_record
TN:
SF:models/user.js
FNF:0
FNH:0
DA:1,4
DA:3,4
DA:61,4
LF:3
LH:3
BRF:0
BRH:0
end_of_record
TN:
SF:routes/event_actions.js
FNF:0
FNH:0
DA:1,1
DA:2,1
DA:3,1
DA:5,1
DA:7,1
LF:5
LH:5
BRF:0
BRH:0
end_of_record
TN:
SF:routes/user_actions.js
FNF:0
FNH:0
DA:1,1
DA:2,1
DA:3,1
DA:5,1
DA:6,1
DA:7,1
DA:8,1
DA:9,1
DA:10,1
DA:11,1
DA:12,1
DA:13,1
DA:15,1
LF:13
LH:13
BRF:0
BRH:0
end_of_record
