TN:
SF:controllers\event_controller.js
FN:4,(anonymous_0)
FN:35,(anonymous_1)
FN:38,(anonymous_2)
FN:63,(anonymous_3)
FN:74,(anonymous_4)
FN:88,(anonymous_5)
FN:97,(anonymous_6)
FN:115,(anonymous_7)
FN:140,(anonymous_8)
FNF:9
FNH:8
FNDA:7,(anonymous_0)
FNDA:2,(anonymous_1)
FNDA:4,(anonymous_2)
FNDA:2,(anonymous_3)
FNDA:3,(anonymous_4)
FNDA:2,(anonymous_5)
FNDA:0,(anonymous_6)
FNDA:3,(anonymous_7)
FNDA:3,(anonymous_8)
DA:1,2
DA:2,2
DA:4,2
DA:5,7
DA:35,2
DA:36,2
DA:37,2
DA:38,4
DA:39,2
DA:51,2
DA:52,1
DA:53,1
DA:54,1
DA:56,1
DA:57,1
DA:63,2
DA:64,2
DA:65,2
DA:66,1
DA:67,1
DA:69,1
DA:70,1
DA:74,2
DA:75,3
DA:76,3
DA:77,3
DA:78,2
DA:79,1
DA:81,1
DA:83,1
DA:84,1
DA:88,2
DA:89,2
DA:90,2
DA:92,1
DA:93,1
DA:97,2
DA:98,0
DA:99,0
DA:100,0
DA:101,0
DA:102,0
DA:106,0
DA:108,0
DA:109,0
DA:115,2
DA:116,3
DA:117,3
DA:118,3
DA:119,3
DA:120,2
DA:121,1
DA:124,1
DA:125,1
DA:126,1
DA:129,1
DA:133,1
DA:134,1
DA:140,2
DA:141,3
DA:142,3
DA:143,3
DA:150,2
DA:151,1
DA:153,1
DA:155,1
DA:156,1
DA:160,2
LF:68
LH:60
BRDA:58,0,0,1
BRDA:58,0,1,0
BRDA:78,1,0,1
BRDA:78,1,1,1
BRDA:101,2,0,0
BRDA:101,2,1,0
BRDA:120,3,0,1
BRDA:120,3,1,1
BRDA:124,4,0,1
BRDA:124,4,1,0
BRDA:150,5,0,1
BRDA:150,5,1,1
BRF:12
BRH:8
end_of_record
TN:
SF:controllers\user_controller.js
FN:6,(anonymous_0)
FN:28,(anonymous_1)
FN:58,(anonymous_2)
FN:74,(anonymous_3)
FN:92,(anonymous_4)
FN:120,(anonymous_5)
FN:140,(anonymous_6)
FN:158,(anonymous_7)
FN:174,(anonymous_8)
FN:181,(anonymous_9)
FN:186,(anonymous_10)
FN:195,(anonymous_11)
FN:207,(anonymous_12)
FN:227,(anonymous_13)
FN:238,(anonymous_14)
FN:261,(anonymous_15)
FNF:16
FNH:15
FNDA:4,(anonymous_0)
FNDA:3,(anonymous_1)
FNDA:3,(anonymous_2)
FNDA:3,(anonymous_3)
FNDA:3,(anonymous_4)
FNDA:4,(anonymous_5)
FNDA:3,(anonymous_6)
FNDA:0,(anonymous_7)
FNDA:2,(anonymous_8)
FNDA:4,(anonymous_9)
FNDA:2,(anonymous_10)
FNDA:4,(anonymous_11)
FNDA:3,(anonymous_12)
FNDA:2,(anonymous_13)
FNDA:3,(anonymous_14)
FNDA:3,(anonymous_15)
DA:1,2
DA:2,2
DA:3,2
DA:4,2
DA:6,2
DA:7,4
DA:8,4
DA:9,4
DA:10,3
DA:11,2
DA:12,2
DA:13,1
DA:15,1
DA:18,1
DA:21,1
DA:22,1
DA:28,2
DA:29,3
DA:30,3
DA:31,3
DA:32,2
DA:33,1
DA:35,1
DA:36,1
DA:49,1
DA:50,1
DA:51,1
DA:53,1
DA:54,1
DA:58,2
DA:59,3
DA:60,3
DA:61,3
DA:62,2
DA:63,1
DA:67,1
DA:69,1
DA:70,1
DA:74,2
DA:75,3
DA:76,3
DA:77,3
DA:78,2
DA:79,1
DA:84,1
DA:86,1
DA:87,1
DA:92,2
DA:93,3
DA:94,3
DA:95,3
DA:97,3
DA:103,3
DA:109,2
DA:110,1
DA:113,1
DA:115,1
DA:116,1
DA:120,2
DA:121,4
DA:122,4
DA:124,4
DA:125,4
DA:126,3
DA:127,1
DA:129,2
DA:130,1
DA:132,2
DA:133,2
DA:135,1
DA:136,1
DA:140,2
DA:141,3
DA:142,3
DA:143,3
DA:148,2
DA:149,1
DA:151,1
DA:153,1
DA:154,1
DA:158,2
DA:159,0
DA:160,0
DA:161,0
DA:162,0
DA:163,0
DA:167,0
DA:169,0
DA:170,0
DA:174,2
DA:175,2
DA:176,2
DA:177,2
DA:179,1
DA:181,1
DA:182,4
DA:183,4
DA:186,1
DA:187,2
DA:188,2
DA:195,2
DA:196,4
DA:198,4
DA:199,4
DA:200,4
DA:202,4
DA:207,2
DA:208,3
DA:211,2
DA:212,2
DA:216,2
DA:219,1
DA:222,1
DA:223,1
DA:227,2
DA:228,2
DA:229,2
DA:230,1
DA:231,1
DA:233,1
DA:234,1
DA:238,2
DA:239,3
DA:240,3
DA:241,3
DA:243,3
DA:249,2
DA:250,1
DA:252,1
DA:254,1
DA:255,1
DA:261,2
DA:262,3
DA:263,3
DA:264,3
DA:265,3
DA:269,3
DA:275,2
DA:276,1
DA:278,1
DA:280,1
DA:281,1
DA:287,2
LF:143
LH:135
BRDA:10,0,0,2
BRDA:10,0,1,1
BRDA:12,1,0,1
BRDA:12,1,1,1
BRDA:32,2,0,1
BRDA:32,2,1,1
BRDA:62,3,0,1
BRDA:62,3,1,1
BRDA:78,4,0,1
BRDA:78,4,1,1
BRDA:109,5,0,1
BRDA:109,5,1,1
BRDA:126,6,0,1
BRDA:126,6,1,2
BRDA:129,7,0,1
BRDA:129,7,1,1
BRDA:148,8,0,1
BRDA:148,8,1,1
BRDA:162,9,0,0
BRDA:162,9,1,0
BRDA:187,10,0,2
BRDA:187,10,1,0
BRDA:202,11,0,2
BRDA:202,11,1,2
BRDA:202,12,0,4
BRDA:202,12,1,2
BRDA:202,12,2,2
BRDA:202,12,3,2
BRDA:211,13,0,2
BRDA:211,13,1,0
BRDA:249,14,0,1
BRDA:249,14,1,1
BRDA:275,15,0,1
BRDA:275,15,1,1
BRF:34
BRH:30
end_of_record
TN:
SF:global_arrays\data.js
FNF:0
FNH:0
DA:1,4
DA:100,4
DA:232,4
LF:3
LH:3
BRF:0
BRH:0
end_of_record
TN:
SF:models\event.js
FN:39,(anonymous_0)
FNF:1
FNH:1
FNDA:4,(anonymous_0)
DA:1,5
DA:3,5
DA:40,4
DA:51,5
LF:4
LH:4
BRF:0
BRH:0
end_of_record
TN:
SF:models\user.js
FNF:0
FNH:0
DA:1,5
DA:3,5
DA:14,5
DA:135,5
LF:4
LH:4
BRF:0
BRH:0
end_of_record
TN:
SF:routes\event_actions.js
FNF:0
FNH:0
DA:1,1
DA:2,1
DA:3,1
DA:5,1
DA:6,1
DA:7,1
DA:8,1
DA:9,1
DA:10,1
DA:11,1
DA:13,1
LF:11
LH:11
BRF:0
BRH:0
end_of_record
TN:
SF:routes\user_actions.js
FNF:0
FNH:0
DA:1,1
DA:2,1
DA:3,1
DA:5,1
DA:6,1
DA:7,1
DA:8,1
DA:9,1
DA:10,1
DA:11,1
DA:12,1
DA:13,1
DA:14,1
DA:15,1
DA:16,1
DA:18,1
LF:16
LH:16
BRF:0
BRH:0
end_of_record
